[0.011s] Invoking command in '/home/yasiru/Documents/Far_planner_test/pipeline_launch/build/pipeline_launcher': CMAKE_PREFIX_PATH=${CMAKE_PREFIX_PATH}:/opt/ros/humble /usr/bin/cmake /home/yasiru/Documents/Far_planner_test/pipeline_launch/src/pipeline_launcher -DCMAKE_INSTALL_PREFIX=/home/yasiru/Documents/Far_planner_test/pipeline_launch/install/pipeline_launcher
[0.063s] -- The C compiler identification is GNU 11.4.0
[0.115s] -- The CXX compiler identification is GNU 11.4.0
[0.124s] -- Detecting C compiler ABI info
[0.184s] -- Detecting C compiler ABI info - done
[0.191s] -- Check for working C compiler: /usr/bin/cc - skipped
[0.192s] -- Detecting C compile features
[0.192s] -- Detecting C compile features - done
[0.195s] -- Detecting CXX compiler ABI info
[0.272s] -- Detecting CXX compiler ABI info - done
[0.279s] -- Check for working CXX compiler: /usr/bin/c++ - skipped
[0.280s] -- Detecting CXX compile features
[0.280s] -- Detecting CXX compile features - done
[0.284s] -- Found ament_cmake: 1.3.12 (/opt/ros/humble/share/ament_cmake/cmake)
[0.448s] -- Found Python3: /usr/bin/python3 (found version "3.10.12") found components: Interpreter 
[0.567s] -- Found ament_lint_auto: 0.12.14 (/opt/ros/humble/share/ament_lint_auto/cmake)
[0.666s] -- Added test 'flake8' to check Python code syntax and style conventions
[0.667s] -- Added test 'lint_cmake' to check CMake code style
[0.668s] -- Added test 'pep257' to check Python code against some of the docstring style conventions in PEP 257
[0.670s] -- Added test 'xmllint' to check XML markup files
[0.671s] -- Configuring done
[0.674s] -- Generating done
[0.675s] -- Build files have been written to: /home/yasiru/Documents/Far_planner_test/pipeline_launch/build/pipeline_launcher
[0.678s] Invoked command in '/home/yasiru/Documents/Far_planner_test/pipeline_launch/build/pipeline_launcher' returned '0': CMAKE_PREFIX_PATH=${CMAKE_PREFIX_PATH}:/opt/ros/humble /usr/bin/cmake /home/yasiru/Documents/Far_planner_test/pipeline_launch/src/pipeline_launcher -DCMAKE_INSTALL_PREFIX=/home/yasiru/Documents/Far_planner_test/pipeline_launch/install/pipeline_launcher
[0.680s] Invoking command in '/home/yasiru/Documents/Far_planner_test/pipeline_launch/build/pipeline_launcher': CMAKE_PREFIX_PATH=${CMAKE_PREFIX_PATH}:/opt/ros/humble /usr/bin/cmake --build /home/yasiru/Documents/Far_planner_test/pipeline_launch/build/pipeline_launcher -- -j16 -l16
[0.719s] Invoked command in '/home/yasiru/Documents/Far_planner_test/pipeline_launch/build/pipeline_launcher' returned '0': CMAKE_PREFIX_PATH=${CMAKE_PREFIX_PATH}:/opt/ros/humble /usr/bin/cmake --build /home/yasiru/Documents/Far_planner_test/pipeline_launch/build/pipeline_launcher -- -j16 -l16
[0.731s] Invoking command in '/home/yasiru/Documents/Far_planner_test/pipeline_launch/build/pipeline_launcher': CMAKE_PREFIX_PATH=${CMAKE_PREFIX_PATH}:/opt/ros/humble /usr/bin/cmake --install /home/yasiru/Documents/Far_planner_test/pipeline_launch/build/pipeline_launcher
[0.737s] -- Install configuration: ""
[0.738s] -- Installing: /home/yasiru/Documents/Far_planner_test/pipeline_launch/install/pipeline_launcher/share/pipeline_launcher//launch
[0.738s] -- Installing: /home/yasiru/Documents/Far_planner_test/pipeline_launch/install/pipeline_launcher/share/pipeline_launcher//launch/pipeline_alternative.launch.py
[0.738s] -- Installing: /home/yasiru/Documents/Far_planner_test/pipeline_launch/install/pipeline_launcher/share/pipeline_launcher//launch/pipeline.launch.py
[0.738s] -- Installing: /home/yasiru/Documents/Far_planner_test/pipeline_launch/install/pipeline_launcher/share/ament_index/resource_index/package_run_dependencies/pipeline_launcher
[0.738s] -- Installing: /home/yasiru/Documents/Far_planner_test/pipeline_launch/install/pipeline_launcher/share/ament_index/resource_index/parent_prefix_path/pipeline_launcher
[0.738s] -- Installing: /home/yasiru/Documents/Far_planner_test/pipeline_launch/install/pipeline_launcher/share/pipeline_launcher/environment/ament_prefix_path.sh
[0.738s] -- Installing: /home/yasiru/Documents/Far_planner_test/pipeline_launch/install/pipeline_launcher/share/pipeline_launcher/environment/ament_prefix_path.dsv
[0.738s] -- Installing: /home/yasiru/Documents/Far_planner_test/pipeline_launch/install/pipeline_launcher/share/pipeline_launcher/environment/path.sh
[0.739s] -- Installing: /home/yasiru/Documents/Far_planner_test/pipeline_launch/install/pipeline_launcher/share/pipeline_launcher/environment/path.dsv
[0.739s] -- Installing: /home/yasiru/Documents/Far_planner_test/pipeline_launch/install/pipeline_launcher/share/pipeline_launcher/local_setup.bash
[0.739s] -- Installing: /home/yasiru/Documents/Far_planner_test/pipeline_launch/install/pipeline_launcher/share/pipeline_launcher/local_setup.sh
[0.739s] -- Installing: /home/yasiru/Documents/Far_planner_test/pipeline_launch/install/pipeline_launcher/share/pipeline_launcher/local_setup.zsh
[0.739s] -- Installing: /home/yasiru/Documents/Far_planner_test/pipeline_launch/install/pipeline_launcher/share/pipeline_launcher/local_setup.dsv
[0.739s] -- Installing: /home/yasiru/Documents/Far_planner_test/pipeline_launch/install/pipeline_launcher/share/pipeline_launcher/package.dsv
[0.740s] -- Installing: /home/yasiru/Documents/Far_planner_test/pipeline_launch/install/pipeline_launcher/share/ament_index/resource_index/packages/pipeline_launcher
[0.740s] -- Installing: /home/yasiru/Documents/Far_planner_test/pipeline_launch/install/pipeline_launcher/share/pipeline_launcher/cmake/pipeline_launcherConfig.cmake
[0.740s] -- Installing: /home/yasiru/Documents/Far_planner_test/pipeline_launch/install/pipeline_launcher/share/pipeline_launcher/cmake/pipeline_launcherConfig-version.cmake
[0.740s] -- Installing: /home/yasiru/Documents/Far_planner_test/pipeline_launch/install/pipeline_launcher/share/pipeline_launcher/package.xml
[0.741s] Invoked command in '/home/yasiru/Documents/Far_planner_test/pipeline_launch/build/pipeline_launcher' returned '0': CMAKE_PREFIX_PATH=${CMAKE_PREFIX_PATH}:/opt/ros/humble /usr/bin/cmake --install /home/yasiru/Documents/Far_planner_test/pipeline_launch/build/pipeline_launcher
