[0.016s] Invoking command in '/home/yasiru/Documents/Far_planner_test/pipeline_launch/build/pipeline_launcher': CMAKE_PREFIX_PATH=${CMAKE_PREFIX_PATH}:/opt/ros/humble /usr/bin/cmake --build /home/yasiru/Documents/Far_planner_test/pipeline_launch/build/pipeline_launcher -- -j16 -l16
[0.053s] Invoked command in '/home/yasiru/Documents/Far_planner_test/pipeline_launch/build/pipeline_launcher' returned '0': CMAKE_PREFIX_PATH=${CMAKE_PREFIX_PATH}:/opt/ros/humble /usr/bin/cmake --build /home/yasiru/Documents/Far_planner_test/pipeline_launch/build/pipeline_launcher -- -j16 -l16
[0.063s] Invoking command in '/home/yasiru/Documents/Far_planner_test/pipeline_launch/build/pipeline_launcher': CMAKE_PREFIX_PATH=${CMAKE_PREFIX_PATH}:/opt/ros/humble /usr/bin/cmake --install /home/yasiru/Documents/Far_planner_test/pipeline_launch/build/pipeline_launcher
[0.070s] -- Install configuration: ""
[0.070s] -- Up-to-date: /home/yasiru/Documents/Far_planner_test/pipeline_launch/install/pipeline_launcher/share/pipeline_launcher//launch
[0.071s] -- Installing: /home/yasiru/Documents/Far_planner_test/pipeline_launch/install/pipeline_launcher/share/pipeline_launcher//launch/pipeline_alternative.launch.py
[0.071s] -- Installing: /home/yasiru/Documents/Far_planner_test/pipeline_launch/install/pipeline_launcher/share/pipeline_launcher//launch/pipeline.launch.py
[0.071s] -- Up-to-date: /home/yasiru/Documents/Far_planner_test/pipeline_launch/install/pipeline_launcher/share/ament_index/resource_index/package_run_dependencies/pipeline_launcher
[0.071s] -- Up-to-date: /home/yasiru/Documents/Far_planner_test/pipeline_launch/install/pipeline_launcher/share/ament_index/resource_index/parent_prefix_path/pipeline_launcher
[0.071s] -- Up-to-date: /home/yasiru/Documents/Far_planner_test/pipeline_launch/install/pipeline_launcher/share/pipeline_launcher/environment/ament_prefix_path.sh
[0.071s] -- Up-to-date: /home/yasiru/Documents/Far_planner_test/pipeline_launch/install/pipeline_launcher/share/pipeline_launcher/environment/ament_prefix_path.dsv
[0.071s] -- Up-to-date: /home/yasiru/Documents/Far_planner_test/pipeline_launch/install/pipeline_launcher/share/pipeline_launcher/environment/path.sh
[0.071s] -- Up-to-date: /home/yasiru/Documents/Far_planner_test/pipeline_launch/install/pipeline_launcher/share/pipeline_launcher/environment/path.dsv
[0.072s] -- Up-to-date: /home/yasiru/Documents/Far_planner_test/pipeline_launch/install/pipeline_launcher/share/pipeline_launcher/local_setup.bash
[0.072s] -- Up-to-date: /home/yasiru/Documents/Far_planner_test/pipeline_launch/install/pipeline_launcher/share/pipeline_launcher/local_setup.sh
[0.072s] -- Up-to-date: /home/yasiru/Documents/Far_planner_test/pipeline_launch/install/pipeline_launcher/share/pipeline_launcher/local_setup.zsh
[0.072s] -- Up-to-date: /home/yasiru/Documents/Far_planner_test/pipeline_launch/install/pipeline_launcher/share/pipeline_launcher/local_setup.dsv
[0.072s] -- Up-to-date: /home/yasiru/Documents/Far_planner_test/pipeline_launch/install/pipeline_launcher/share/pipeline_launcher/package.dsv
[0.072s] -- Up-to-date: /home/yasiru/Documents/Far_planner_test/pipeline_launch/install/pipeline_launcher/share/ament_index/resource_index/packages/pipeline_launcher
[0.072s] -- Up-to-date: /home/yasiru/Documents/Far_planner_test/pipeline_launch/install/pipeline_launcher/share/pipeline_launcher/cmake/pipeline_launcherConfig.cmake
[0.072s] -- Up-to-date: /home/yasiru/Documents/Far_planner_test/pipeline_launch/install/pipeline_launcher/share/pipeline_launcher/cmake/pipeline_launcherConfig-version.cmake
[0.072s] -- Up-to-date: /home/yasiru/Documents/Far_planner_test/pipeline_launch/install/pipeline_launcher/share/pipeline_launcher/package.xml
[0.073s] Invoked command in '/home/yasiru/Documents/Far_planner_test/pipeline_launch/build/pipeline_launcher' returned '0': CMAKE_PREFIX_PATH=${CMAKE_PREFIX_PATH}:/opt/ros/humble /usr/bin/cmake --install /home/yasiru/Documents/Far_planner_test/pipeline_launch/build/pipeline_launcher
